{
"contracts\\SimpleStorage.sol":{"l":{"19":0,"20":0,"24":1,"28":2},"path":"F:\\Blockchain\\hardhat-simple-storage-fcc\\contracts\\SimpleStorage.sol","s":{"1":0,"2":2},"b":{},"f":{"1":0,"2":1,"3":2},"fnMap":{"1":{"name":"addUser","line":18,"loc":{"start":{"line":18,"column":4},"end":{"line":21,"column":4}}},"2":{"name":"store","line":23,"loc":{"start":{"line":23,"column":4},"end":{"line":25,"column":4}}},"3":{"name":"retrieve","line":27,"loc":{"start":{"line":27,"column":4},"end":{"line":29,"column":4}}}},"statementMap":{"1":{"start":{"line":19,"column":8},"end":{"line":19,"column":51}},"2":{"start":{"line":28,"column":8},"end":{"line":28,"column":29}}},"branchMap":{}}}
